[debug] [2023-01-13T10:24:58.604Z] ----------------------------------------------------------------------
[debug] [2023-01-13T10:24:58.606Z] Command:       C:\Program Files\nodejs\node.exe C:\Users\josce\AppData\Roaming\npm\node_modules\firebase-tools\lib\bin\firebase.js deploy
[debug] [2023-01-13T10:24:58.607Z] CLI Version:   11.20.0
[debug] [2023-01-13T10:24:58.607Z] Platform:      win32
[debug] [2023-01-13T10:24:58.607Z] Node Version:  v19.0.0
[debug] [2023-01-13T10:24:58.607Z] Time:          Fri Jan 13 2023 11:24:58 GMT+0100 (hora estándar de Europa central)
[debug] [2023-01-13T10:24:58.607Z] ----------------------------------------------------------------------
[debug] 
[debug] [2023-01-13T10:24:58.683Z] > command requires scopes: ["email","openid","https://www.googleapis.com/auth/cloudplatformprojects.readonly","https://www.googleapis.com/auth/firebase","https://www.googleapis.com/auth/cloud-platform"]
[debug] [2023-01-13T10:24:58.684Z] > authorizing via signed-in user (joscelyn061999@gmail.com)
[debug] [2023-01-13T10:24:58.684Z] [iam] checking project fontaneria-pilapanta for permissions ["firebase.projects.get","firebasehosting.sites.update"]
[debug] [2023-01-13T10:24:58.686Z] >>> [apiv2][query] POST https://cloudresourcemanager.googleapis.com/v1/projects/fontaneria-pilapanta:testIamPermissions [none]
[debug] [2023-01-13T10:24:58.686Z] >>> [apiv2][(partial)header] POST https://cloudresourcemanager.googleapis.com/v1/projects/fontaneria-pilapanta:testIamPermissions x-goog-quota-user=projects/fontaneria-pilapanta
[debug] [2023-01-13T10:24:58.687Z] >>> [apiv2][body] POST https://cloudresourcemanager.googleapis.com/v1/projects/fontaneria-pilapanta:testIamPermissions {"permissions":["firebase.projects.get","firebasehosting.sites.update"]}
[debug] [2023-01-13T10:24:59.825Z] <<< [apiv2][status] POST https://cloudresourcemanager.googleapis.com/v1/projects/fontaneria-pilapanta:testIamPermissions 200
[debug] [2023-01-13T10:24:59.825Z] <<< [apiv2][body] POST https://cloudresourcemanager.googleapis.com/v1/projects/fontaneria-pilapanta:testIamPermissions {"permissions":["firebase.projects.get","firebasehosting.sites.update"]}
[debug] [2023-01-13T10:24:59.826Z] >>> [apiv2][query] GET https://firebase.googleapis.com/v1beta1/projects/fontaneria-pilapanta [none]
[debug] [2023-01-13T10:25:01.367Z] <<< [apiv2][status] GET https://firebase.googleapis.com/v1beta1/projects/fontaneria-pilapanta 200
[debug] [2023-01-13T10:25:01.367Z] <<< [apiv2][body] GET https://firebase.googleapis.com/v1beta1/projects/fontaneria-pilapanta {"projectId":"fontaneria-pilapanta","projectNumber":"1073184581132","displayName":"FONTANERIA PILAPANTA","name":"projects/fontaneria-pilapanta","resources":{"hostingSite":"fontaneria-pilapanta"},"state":"ACTIVE","etag":"1_a51f979f-0d7e-43d8-8823-ff91381e886a"}
[info] 
[info] === Deploying to 'fontaneria-pilapanta'...
[info] 
[info] i  deploying hosting 
[debug] [2023-01-13T10:25:01.378Z] >>> [apiv2][query] POST https://firebasehosting.googleapis.com/v1beta1/projects/-/sites/fontaneria-pilapanta/versions [none]
[debug] [2023-01-13T10:25:01.379Z] >>> [apiv2][body] POST https://firebasehosting.googleapis.com/v1beta1/projects/-/sites/fontaneria-pilapanta/versions {"status":"CREATED","labels":{"deployment-tool":"cli-firebase"}}
[debug] [2023-01-13T10:25:02.484Z] <<< [apiv2][status] POST https://firebasehosting.googleapis.com/v1beta1/projects/-/sites/fontaneria-pilapanta/versions 200
[debug] [2023-01-13T10:25:02.484Z] <<< [apiv2][body] POST https://firebasehosting.googleapis.com/v1beta1/projects/-/sites/fontaneria-pilapanta/versions {"name":"projects/1073184581132/sites/fontaneria-pilapanta/versions/74c35b362a51ad06","status":"CREATED","config":{},"labels":{"deployment-tool":"cli-firebase"}}
[info] i  hosting[fontaneria-pilapanta]: beginning deploy... 
[debug] [2023-01-13T10:25:02.653Z] Error: EPERM: operation not permitted, scandir 'C:/Users/josce/AppData/Local/Archivos temporales de Internet'
    at Object.readdirSync (node:fs:1445:3)
    at GlobSync._readdir (C:\Users\josce\AppData\Roaming\npm\node_modules\firebase-tools\node_modules\glob\sync.js:285:46)
    at GlobSync._readdirInGlobStar (C:\Users\josce\AppData\Roaming\npm\node_modules\firebase-tools\node_modules\glob\sync.js:242:17)
    at GlobSync._readdir (C:\Users\josce\AppData\Roaming\npm\node_modules\firebase-tools\node_modules\glob\sync.js:273:17)
    at GlobSync._processReaddir (C:\Users\josce\AppData\Roaming\npm\node_modules\firebase-tools\node_modules\glob\sync.js:134:22)
    at GlobSync._process (C:\Users\josce\AppData\Roaming\npm\node_modules\firebase-tools\node_modules\glob\sync.js:129:10)
    at GlobSync._processGlobStar (C:\Users\josce\AppData\Roaming\npm\node_modules\firebase-tools\node_modules\glob\sync.js:377:10)
    at GlobSync._process (C:\Users\josce\AppData\Roaming\npm\node_modules\firebase-tools\node_modules\glob\sync.js:127:10)
    at GlobSync._processGlobStar (C:\Users\josce\AppData\Roaming\npm\node_modules\firebase-tools\node_modules\glob\sync.js:380:10)
    at GlobSync._process (C:\Users\josce\AppData\Roaming\npm\node_modules\firebase-tools\node_modules\glob\sync.js:127:10)
    at GlobSync._processGlobStar (C:\Users\josce\AppData\Roaming\npm\node_modules\firebase-tools\node_modules\glob\sync.js:380:10)
    at GlobSync._process (C:\Users\josce\AppData\Roaming\npm\node_modules\firebase-tools\node_modules\glob\sync.js:127:10)
    at new GlobSync (C:\Users\josce\AppData\Roaming\npm\node_modules\firebase-tools\node_modules\glob\sync.js:45:10)
    at globSync (C:\Users\josce\AppData\Roaming\npm\node_modules\firebase-tools\node_modules\glob\sync.js:23:10)
    at listFiles (C:\Users\josce\AppData\Roaming\npm\node_modules\firebase-tools\lib\listFiles.js:6:28)
    at runDeploys (C:\Users\josce\AppData\Roaming\npm\node_modules\firebase-tools\lib\deploy\hosting\deploy.js:44:49)
[error] 
[error] Error: An unexpected error has occurred.
